make all --print-data-base --no-builtin-variables --no-builtin-rules --question
make: *** No rule to make target 'all'.  Stop.
 
# GNU Make 4.2.1
# Built for x86_64-pc-linux-gnu
# Copyright (C) 1988-2016 Free Software Foundation, Inc.
# License GPLv3+: GNU GPL version 3 or later <http://gnu.org/licenses/gpl.html>
# This is free software: you are free to change and redistribute it.
# There is NO WARRANTY, to the extent permitted by law.

# Make data base, printed on Mon Mar 28 10:52:34 2022

# Variables

# automatic
<D = $(patsubst %/,%,$(dir $<))
# automatic
?F = $(notdir $?)
# environment
PAPERSIZE = a4
# environment
DESKTOP_SESSION = xfce
# default
.SHELLFLAGS := -c
# environment
XDG_SESSION_CLASS = user
# environment
XDG_SESSION_TYPE = x11
# environment
VSCODE_LOG_NATIVE = false
# environment
GTK3_MODULES = xapp-gtk3-module
# automatic
?D = $(patsubst %/,%,$(dir $?))
# environment
PLATFORMIO_IDE = 2.4.3
# automatic
@D = $(patsubst %/,%,$(dir $@))
# environment
XAUTHORITY = /home/saleh/.Xauthority
# environment
GDMSESSION = xfce
# default
MAKE_VERSION := 4.2.1
# makefile
CURDIR := /home/saleh/Documents/COE301/rv32im
# makefile
SHELL = /bin/sh
# environment
GDM_LANG = en_US
# environment
VSCODE_NLS_CONFIG = {"locale":"en-us","availableLanguages":{},"_languagePackSupport":true}
# makefile (from 'Makefile', line 2)
CFLAGS = 
# environment
XDG_CONFIG_DIRS = /etc/xdg/xdg-xfce:/etc/xdg:/etc/xdg
# makefile (from 'Makefile', line 1)
MAKEFILE_LIST :=  Makefile
# automatic
@F = $(notdir $@)
# 'override' directive
GNUMAKEFLAGS := 
# environment
MAKELEVEL := 0
# environment
XDG_DATA_DIRS = /usr/share/xfce4:/home/saleh/.local/share/flatpak/exports/share:/var/lib/flatpak/exports/share:/usr/local/share:/usr/share:/usr/share
# environment
DBUS_SESSION_BUS_ADDRESS = unix:path=/run/user/1000/bus
# environment
VSCODE_VERBOSE_LOGGING = true
# makefile (from 'Makefile', line 5)
TB_DIR = "./tb"
# makefile (from 'Makefile', line 4)
RTL_DIR = "./rtl"
# makefile (from 'Makefile', line 7)
RTL_FILES := ./rtl/CPU.sv ./rtl/ControlUnit.sv ./rtl/GPIO.sv ./rtl/InstructionMemory.sv ./rtl/RV32IM_SOC.sv ./rtl/LCD.sv ./rtl/DataMemory.sv ./rtl/VGA.sv ./rtl/RegisterFile.sv ./rtl/ALU.sv ./rtl/ForwardingUnit.sv
# environment
VSCODE_IPC_HOOK_EXTHOST = /run/user/1000/vscode-ipc-917d399e-1de5-455c-9d3f-5cebd060f62a.sock
# environment
LC_NAME = en_US.UTF-8
# environment
VSCODE_CWD = /home/saleh
# environment
XDG_SESSION_PATH = /org/freedesktop/DisplayManager/Session0
# default
MAKE_HOST := x86_64-pc-linux-gnu
# environment
NO_PROXY = 127.0.0.1
# makefile (from 'Makefile', line 8)
TB_FILES := ./tb/CPU_tb.sv ./tb/RV32IM_SOC_tb.sv
# environment
SESSION_MANAGER = local/coe-salehs:@/tmp/.ICE-unix/1586,unix/coe-salehs:/tmp/.ICE-unix/1586
# environment
XDG_RUNTIME_DIR = /run/user/1000
# environment
XDG_MENU_PREFIX = xfce-
# environment
VSCODE_LOG_STACK = false
# environment
ELECTRON_RUN_AS_NODE = 1
# default
.FEATURES := target-specific order-only second-expansion else-if shortest-stem undefine oneshell archives jobserver output-sync check-symlink load
# environment
XDG_GREETER_DATA_DIR = /var/lib/lightdm-data/saleh
# environment
XDG_SESSION_DESKTOP = xfce
# environment
SSH_AUTH_SOCK = /tmp/ssh-6LnxOVpoAuA1/agent.1586
# automatic
%F = $(notdir $%)
# environment
DISPLAY = :0.0
# environment
VSCODE_PIPE_LOGGING = true
# environment
PWD = /home/saleh/Documents/COE301/rv32im
# environment
QT_QPA_PLATFORMTHEME = qt5ct
# default
.LOADED := 
# environment
XDG_SEAT = seat0
# environment
SSH_AGENT_PID = 1663
# environment
ORIGINAL_XDG_CURRENT_DESKTOP = XFCE
# environment
GTK_MODULES = gail:atk-bridge
# environment
VSCODE_AMD_ENTRYPOINT = vs/workbench/api/node/extensionHostProcess
# environment
HOME = /home/saleh
# environment
VSCODE_CLI = 1
# environment
VSCODE_CODE_CACHE_PATH = /home/saleh/.config/Code/CachedData/c722ca6c7eed3d7987c0d5c3df5c45f6b15e77d1
# environment
LOGNAME = saleh
# environment
APPLICATION_INSIGHTS_NO_DIAGNOSTIC_CHANNEL = 1
# automatic
+F = $(notdir $+)
# environment
ELECTRON_NO_ATTACH_CONSOLE = 1
# environment
VSCODE_HANDLES_UNCAUGHT_ERRORS = true
# automatic
^D = $(patsubst %/,%,$(dir $^))
# environment
XDG_VTNR = 7
# environment
CLUTTER_BACKEND = x11
# environment
LC_TIME = en_US.UTF-8
# environment
PLATFORMIO_PATH = /home/saleh/.platformio/python3/bin:/usr/local/sbin:/usr/local/bin:/usr/sbin:/usr/bin:/sbin:/bin:/usr/games:/usr/local/games:/snap/bin
# default
MAKE = $(MAKE_COMMAND)
# default
MAKECMDGOALS := all
# environment
PATH = /usr/local/sbin:/usr/local/bin:/usr/sbin:/usr/bin:/sbin:/bin:/usr/games:/usr/local/games:/snap/bin
# environment
SHLVL = 0
# environment
COMPIZ_CONFIG_PROFILE = mint
# environment
XDG_SESSION_ID = c2
# environment
USER = saleh
# makefile (from 'Makefile', line 1)
CROSS = riscv32-unknown-elf-
# environment
LC_MONETARY = en_US.UTF-8
# makefile
.DEFAULT_GOAL := modelsim
# environment
XDG_CURRENT_DESKTOP = XFCE
# environment
LIBVIRT_DEFAULT_URI = qemu:///system
# automatic
%D = $(patsubst %/,%,$(dir $%))
# environment
LC_TELEPHONE = en_US.UTF-8
# default
MAKE_COMMAND := make
# default
.VARIABLES := 
# automatic
*F = $(notdir $*)
# environment
LANGUAGE = en_US
# environment
XDG_SEAT_PATH = /org/freedesktop/DisplayManager/Seat0
# environment
VSCODE_IPC_HOOK = /run/user/1000/vscode-52517f7b-1.65.2-main.sock
# makefile
MAKEFLAGS = pqrR
# environment
MFLAGS = -pqrR
# automatic
*D = $(patsubst %/,%,$(dir $*))
# automatic
+D = $(patsubst %/,%,$(dir $+))
# environment
GDK_BACKEND = x11
# environment
LC_PAPER = en_US.UTF-8
# environment
QT_ACCESSIBILITY = 1
# 'override' directive
.SHELLSTATUS := 0
# default
MAKEFILES := 
# environment
LC_NUMERIC = en_US.UTF-8
# automatic
<F = $(notdir $<)
# environment
PLATFORMIO_CALLER = vscode
# environment
LC_MEASUREMENT = en_US.UTF-8
# environment
LC_ALL = C
# automatic
^F = $(notdir $^)
# default
SUFFIXES := 
# environment
CHROME_DESKTOP = code-url-handler.desktop
# default
.INCLUDE_DIRS = /usr/include /usr/local/include /usr/include
# environment
LC_IDENTIFICATION = en_US.UTF-8
# default
.RECIPEPREFIX := 
# environment
LC_ADDRESS = en_US.UTF-8
# environment
LANG = C
# environment
VSCODE_PID = 2611566
# variable set hash-table stats:
# Load=114/1024=11%, Rehash=0, Collisions=16/156=10%

# Pattern-specific Variable Values

# No pattern-specific variable values.

# Directories

# . (device 2053, inode 10347682): 25 files, no impossibilities.

# 25 files, no impossibilities in 1 directories.

# Implicit Rules

# No implicit rules.

# Files

# Not a target:
rtl/ForwardingUnit.sv:
#  Implicit rule search has not been done.
#  Modification time never checked.
#  File has not been updated.

# Not a target:
rtl/LCD.sv:
#  Implicit rule search has not been done.
#  Modification time never checked.
#  File has not been updated.

# Not a target:
all:
#  Command line target.
#  Implicit rule search has been done.
#  File does not exist.
#  File has not been updated.

# Not a target:
rtl/VGA.sv:
 
#  Implicit rule search has not been done.
#  Modification time never checked.
#  File has not been updated.

# Not a target:
Makefile:
#  Implicit rule search has been done.
#  Last modified 2022-02-23 13:57:18.506775561
#  File has been updated.
#  Successfully updated.

modelsim: rtl/CPU.sv rtl/ControlUnit.sv rtl/GPIO.sv rtl/InstructionMemory.sv rtl/RV32IM_SOC.sv rtl/LCD.sv rtl/DataMemory.sv rtl/VGA.sv rtl/RegisterFile.sv rtl/ALU.sv rtl/ForwardingUnit.sv tb/CPU_tb.sv tb/RV32IM_SOC_tb.sv
#  Implicit rule search has not been done.
#  Modification time never checked.
#  File has not been updated.
#  recipe to execute (from 'Makefile', line 15):
	vsim -do rv32im.do
	#vsim -do $(DO_COMMAND)

# Not a target:
rtl/CPU.sv:
#  Implicit rule search has not been done.
#  Modification time never checked.
#  File has not been updated.

# Not a target:
rtl/GPIO.sv:
#  Implicit rule search has not been done.
#  Modification time never checked.
#  File has not been updated.

yosys: rtl/CPU.sv rtl/ControlUnit.sv rtl/GPIO.sv rtl/InstructionMemory.sv rtl/RV32IM_SOC.sv rtl/LCD.sv rtl/DataMemory.sv rtl/VGA.sv rtl/RegisterFile.sv rtl/ALU.sv rtl/ForwardingUnit.sv tb/CPU_tb.sv tb/RV32IM_SOC_tb.sv
#  Implicit rule search has not been done.
#  Modification time never checked.
#  File has not been updated.
#  recipe to execute (from 'Makefile', line 18):
	yosys -s yosys_syn
	# yosys -o rv32im.blif -S $^

# Not a target:
rtl/RegisterFile.sv:
#  Implicit rule search has not been done.
#  Modification time never checked.
#  File has not been updated.

# Not a target:
tb/RV32IM_SOC_tb.sv:
#  Implicit rule search has not been done.
#  Modification time never checked.
#  File has not been updated.

# Not a target:
.DEFAULT:
#  Implicit rule search has not been done.
#  Modification time never checked.
#  File has not been updated.

iverilog: rtl/CPU.sv rtl/ControlUnit.sv rtl/GPIO.sv rtl/InstructionMemory.sv rtl/RV32IM_SOC.sv rtl/LCD.sv rtl/DataMemory.sv rtl/VGA.sv rtl/RegisterFile.sv rtl/ALU.sv rtl/ForwardingUnit.sv tb/CPU_tb.sv tb/RV32IM_SOC_tb.sv
#  Implicit rule search has not been done.
#  Modification time never checked.
#  File has not been updated.
#  recipe to execute (from 'Makefile', line 22):
	iverilog $^ -g2012 -o rv32im_test -s CPU

clean:
#  Implicit rule search has not been done.
#  Modification time never checked.
#  File has not been updated.
#  recipe to execute (from 'Makefile', line 29):
	rm -f *.vvp *.vcd *.blif *.wlf transcript

lint: rtl/CPU.sv rtl/ControlUnit.sv rtl/GPIO.sv rtl/InstructionMemory.sv rtl/RV32IM_SOC.sv rtl/LCD.sv rtl/DataMemory.sv rtl/VGA.sv rtl/RegisterFile.sv rtl/ALU.sv rtl/ForwardingUnit.sv tb/CPU_tb.sv tb/RV32IM_SOC_tb.sv
#  Implicit rule search has not been done.
#  Modification time never checked.
#  File has not been updated.
#  recipe to execute (from 'Makefile', line 25):
	# verible-verilog-lint --rules=-unpacked-dimensions-range-ordering,-explicit-parameter-storage-type,-parameter-name-style $^ | less
	svlint $^

# Not a target:
rtl/DataMemory.sv:
#  Implicit rule search has not been done.
#  Modification time never checked.
#  File has not been updated.

# Not a target:
rtl/ALU.sv:
#  Implicit rule search has not been done.
#  Modification time never checked.
#  File has not been updated.

# Not a target:
rtl/InstructionMemory.sv:
#  Implicit rule search has not been done.
#  Modification time never checked.
#  File has not been updated.

# Not a target:
rtl/RV32IM_SOC.sv:
#  Implicit rule search has not been done.
#  Modification time never checked.
#  File has not been updated.

# Not a target:
tb/CPU_tb.sv:
#  Implicit rule search has not been done.
#  Modification time never checked.
#  File has not been updated.

# Not a target:
rtl/ControlUnit.sv:
#  Implicit rule search has not been done.
#  Modification time never checked.
#  File has not been updated.

# files hash-table stats:
# Load=22/1024=2%, Rehash=0, Collisions=0/84=0%
# VPATH Search Paths

# No 'vpath' search paths.

# No general ('VPATH' variable) search path.

# strcache buffers: 1 (0) / strings = 48 / storage = 543 B / avg = 11 B
# current buf: size = 8162 B / used = 543 B / count = 48 / avg = 11 B

# strcache performance: lookups = 96 / hit rate = 50%
# hash-table stats:
# Load=48/8192=1%, Rehash=0, Collisions=1/96=1%
# Finished Make data base on Mon Mar 28 10:52:34 2022

 
